CRITICAL - 2025-08-24 05:38:44 --> ParseError: syntax error, unexpected token ".", expecting "{"
[Method: GET, Route: /]
in APPPATH/Controllers/BaseController.php on line 3.
 1 SYSTEMPATH/Autoloader/Autoloader.php(295): CodeIgniter\Autoloader\Autoloader->includeFile('/Applications/MAMP/htdocs/satria/app/Controllers/BaseController.php')
 2 SYSTEMPATH/Autoloader/Autoloader.php(271): CodeIgniter\Autoloader\Autoloader->loadInNamespace('App\\Controllers\\BaseController')
 3 APPPATH/Controllers/Home.php(5): CodeIgniter\Autoloader\Autoloader->loadClass('App\\Controllers\\BaseController')
 4 SYSTEMPATH/Autoloader/Autoloader.php(315): include_once('/Applications/MAMP/htdocs/satria/app/Controllers/Home.php')
 5 SYSTEMPATH/Autoloader/Autoloader.php(295): CodeIgniter\Autoloader\Autoloader->includeFile('/Applications/MAMP/htdocs/satria/app/Controllers/Home.php')
 6 SYSTEMPATH/Autoloader/Autoloader.php(271): CodeIgniter\Autoloader\Autoloader->loadInNamespace('App\\Controllers\\Home')
 7 [internal function]: CodeIgniter\Autoloader\Autoloader->loadClass('App\\Controllers\\Home')
 8 SYSTEMPATH/CodeIgniter.php(885): class_exists('\\App\\Controllers\\Home', true)
 9 SYSTEMPATH/CodeIgniter.php(494): CodeIgniter\CodeIgniter->startController()
10 SYSTEMPATH/CodeIgniter.php(354): CodeIgniter\CodeIgniter->handleRequest(null, Object(Config\Cache), false)
11 SYSTEMPATH/Boot.php(363): CodeIgniter\CodeIgniter->run()
12 SYSTEMPATH/Boot.php(68): CodeIgniter\Boot::runCodeIgniter(Object(CodeIgniter\CodeIgniter))
13 FCPATH/index.php(59): CodeIgniter\Boot::bootWeb(Object(Config\Paths))
CRITICAL - 2025-08-24 05:40:05 --> Error: Call to a member function query() on null
[Method: GET, Route: /]
in APPPATH/Controllers/BaseController.php on line 71.
 1 APPPATH/Controllers/BaseController.php(47): App\Controllers\BaseController->setDatabaseUser()
 2 SYSTEMPATH/CodeIgniter.php(904): App\Controllers\BaseController->initController(Object(CodeIgniter\HTTP\IncomingRequest), Object(CodeIgniter\HTTP\Response), Object(CodeIgniter\Log\Logger))
 3 SYSTEMPATH/CodeIgniter.php(498): CodeIgniter\CodeIgniter->createController()
 4 SYSTEMPATH/CodeIgniter.php(354): CodeIgniter\CodeIgniter->handleRequest(null, Object(Config\Cache), false)
 5 SYSTEMPATH/Boot.php(363): CodeIgniter\CodeIgniter->run()
 6 SYSTEMPATH/Boot.php(68): CodeIgniter\Boot::runCodeIgniter(Object(CodeIgniter\CodeIgniter))
 7 FCPATH/index.php(59): CodeIgniter\Boot::bootWeb(Object(Config\Paths))
CRITICAL - 2025-08-24 05:41:42 --> RuntimeException: Koneksi Database Gagal: \Config\Services::database() mengembalikan null. Periksa konfigurasi di file .env atau app/Config/Database.php
[Method: GET, Route: /]
in APPPATH/Controllers/BaseController.php on line 42.
 1 APPPATH/Controllers/BaseController.php(28): App\Controllers\BaseController->setDatabaseUser()
 2 SYSTEMPATH/CodeIgniter.php(904): App\Controllers\BaseController->initController(Object(CodeIgniter\HTTP\IncomingRequest), Object(CodeIgniter\HTTP\Response), Object(CodeIgniter\Log\Logger))
 3 SYSTEMPATH/CodeIgniter.php(498): CodeIgniter\CodeIgniter->createController()
 4 SYSTEMPATH/CodeIgniter.php(354): CodeIgniter\CodeIgniter->handleRequest(null, Object(Config\Cache), false)
 5 SYSTEMPATH/Boot.php(363): CodeIgniter\CodeIgniter->run()
 6 SYSTEMPATH/Boot.php(68): CodeIgniter\Boot::runCodeIgniter(Object(CodeIgniter\CodeIgniter))
 7 FCPATH/index.php(59): CodeIgniter\Boot::bootWeb(Object(Config\Paths))
CRITICAL - 2025-08-24 05:41:44 --> RuntimeException: Koneksi Database Gagal: \Config\Services::database() mengembalikan null. Periksa konfigurasi di file .env atau app/Config/Database.php
[Method: GET, Route: /]
in APPPATH/Controllers/BaseController.php on line 42.
 1 APPPATH/Controllers/BaseController.php(28): App\Controllers\BaseController->setDatabaseUser()
 2 SYSTEMPATH/CodeIgniter.php(904): App\Controllers\BaseController->initController(Object(CodeIgniter\HTTP\IncomingRequest), Object(CodeIgniter\HTTP\Response), Object(CodeIgniter\Log\Logger))
 3 SYSTEMPATH/CodeIgniter.php(498): CodeIgniter\CodeIgniter->createController()
 4 SYSTEMPATH/CodeIgniter.php(354): CodeIgniter\CodeIgniter->handleRequest(null, Object(Config\Cache), false)
 5 SYSTEMPATH/Boot.php(363): CodeIgniter\CodeIgniter->run()
 6 SYSTEMPATH/Boot.php(68): CodeIgniter\Boot::runCodeIgniter(Object(CodeIgniter\CodeIgniter))
 7 FCPATH/index.php(59): CodeIgniter\Boot::bootWeb(Object(Config\Paths))
CRITICAL - 2025-08-24 05:43:55 --> RuntimeException: Koneksi Database Gagal: \Config\Services::database() mengembalikan null. Periksa konfigurasi di file .env atau app/Config/Database.php
[Method: GET, Route: /]
in APPPATH/Controllers/BaseController.php on line 42.
 1 APPPATH/Controllers/BaseController.php(28): App\Controllers\BaseController->setDatabaseUser()
 2 SYSTEMPATH/CodeIgniter.php(904): App\Controllers\BaseController->initController(Object(CodeIgniter\HTTP\IncomingRequest), Object(CodeIgniter\HTTP\Response), Object(CodeIgniter\Log\Logger))
 3 SYSTEMPATH/CodeIgniter.php(498): CodeIgniter\CodeIgniter->createController()
 4 SYSTEMPATH/CodeIgniter.php(354): CodeIgniter\CodeIgniter->handleRequest(null, Object(Config\Cache), false)
 5 SYSTEMPATH/Boot.php(363): CodeIgniter\CodeIgniter->run()
 6 SYSTEMPATH/Boot.php(68): CodeIgniter\Boot::runCodeIgniter(Object(CodeIgniter\CodeIgniter))
 7 FCPATH/index.php(59): CodeIgniter\Boot::bootWeb(Object(Config\Paths))
CRITICAL - 2025-08-24 05:47:06 --> RuntimeException: Koneksi Database Gagal: \Config\Services::database() mengembalikan null. Periksa konfigurasi di file .env atau app/Config/Database.php
[Method: GET, Route: /]
in APPPATH/Controllers/BaseController.php on line 42.
 1 APPPATH/Controllers/BaseController.php(28): App\Controllers\BaseController->setDatabaseUser()
 2 SYSTEMPATH/CodeIgniter.php(904): App\Controllers\BaseController->initController(Object(CodeIgniter\HTTP\IncomingRequest), Object(CodeIgniter\HTTP\Response), Object(CodeIgniter\Log\Logger))
 3 SYSTEMPATH/CodeIgniter.php(498): CodeIgniter\CodeIgniter->createController()
 4 SYSTEMPATH/CodeIgniter.php(354): CodeIgniter\CodeIgniter->handleRequest(null, Object(Config\Cache), false)
 5 SYSTEMPATH/Boot.php(363): CodeIgniter\CodeIgniter->run()
 6 SYSTEMPATH/Boot.php(68): CodeIgniter\Boot::runCodeIgniter(Object(CodeIgniter\CodeIgniter))
 7 FCPATH/index.php(59): CodeIgniter\Boot::bootWeb(Object(Config\Paths))
CRITICAL - 2025-08-24 05:50:52 --> RuntimeException: Koneksi Database Gagal: \Config\Services::database() mengembalikan null. Periksa konfigurasi di file .env atau app/Config/Database.php
[Method: GET, Route: /]
in APPPATH/Controllers/BaseController.php on line 42.
 1 APPPATH/Controllers/BaseController.php(28): App\Controllers\BaseController->setDatabaseUser()
 2 SYSTEMPATH/CodeIgniter.php(904): App\Controllers\BaseController->initController(Object(CodeIgniter\HTTP\IncomingRequest), Object(CodeIgniter\HTTP\Response), Object(CodeIgniter\Log\Logger))
 3 SYSTEMPATH/CodeIgniter.php(498): CodeIgniter\CodeIgniter->createController()
 4 SYSTEMPATH/CodeIgniter.php(354): CodeIgniter\CodeIgniter->handleRequest(null, Object(Config\Cache), false)
 5 SYSTEMPATH/Boot.php(363): CodeIgniter\CodeIgniter->run()
 6 SYSTEMPATH/Boot.php(68): CodeIgniter\Boot::runCodeIgniter(Object(CodeIgniter\CodeIgniter))
 7 FCPATH/index.php(59): CodeIgniter\Boot::bootWeb(Object(Config\Paths))
CRITICAL - 2025-08-24 05:52:56 --> RuntimeException: Koneksi Database Gagal: \Config\Services::database() mengembalikan null. Periksa konfigurasi di file .env atau app/Config/Database.php
[Method: GET, Route: /]
in APPPATH/Controllers/BaseController.php on line 42.
 1 APPPATH/Controllers/BaseController.php(28): App\Controllers\BaseController->setDatabaseUser()
 2 SYSTEMPATH/CodeIgniter.php(904): App\Controllers\BaseController->initController(Object(CodeIgniter\HTTP\IncomingRequest), Object(CodeIgniter\HTTP\Response), Object(CodeIgniter\Log\Logger))
 3 SYSTEMPATH/CodeIgniter.php(498): CodeIgniter\CodeIgniter->createController()
 4 SYSTEMPATH/CodeIgniter.php(354): CodeIgniter\CodeIgniter->handleRequest(null, Object(Config\Cache), false)
 5 SYSTEMPATH/Boot.php(363): CodeIgniter\CodeIgniter->run()
 6 SYSTEMPATH/Boot.php(68): CodeIgniter\Boot::runCodeIgniter(Object(CodeIgniter\CodeIgniter))
 7 FCPATH/index.php(59): CodeIgniter\Boot::bootWeb(Object(Config\Paths))
ERROR - 2025-08-24 06:00:30 --> Gagal mengatur database user: Class "App\Models\UserModel" not found
ERROR - 2025-08-24 06:00:31 --> Gagal mengatur database user: Class "App\Models\UserModel" not found
ERROR - 2025-08-24 06:02:00 --> mysqli_sql_exception: Unknown column 'pegawai.jabatan_id' in 'on clause' in /Applications/MAMP/htdocs/satria/system/Database/MySQLi/Connection.php:327
Stack trace:
#0 /Applications/MAMP/htdocs/satria/system/Database/MySQLi/Connection.php(327): mysqli->query('SELECT `pegawai...', 0)
#1 /Applications/MAMP/htdocs/satria/system/Database/BaseConnection.php(729): CodeIgniter\Database\MySQLi\Connection->execute('SELECT `pegawai...')
#2 /Applications/MAMP/htdocs/satria/system/Database/BaseConnection.php(646): CodeIgniter\Database\BaseConnection->simpleQuery('SELECT `pegawai...')
#3 /Applications/MAMP/htdocs/satria/system/Database/BaseBuilder.php(1649): CodeIgniter\Database\BaseConnection->query('SELECT `pegawai...', Array, false)
#4 /Applications/MAMP/htdocs/satria/system/Model.php(286): CodeIgniter\Database\BaseBuilder->get()
#5 /Applications/MAMP/htdocs/satria/system/BaseModel.php(677): CodeIgniter\Model->doFindAll(0, 0)
#6 /Applications/MAMP/htdocs/satria/app/Models/PegawaiModel.php(23): CodeIgniter\BaseModel->findAll()
#7 /Applications/MAMP/htdocs/satria/app/Controllers/Pegawai.php(37): App\Models\PegawaiModel->getPegawaiWithDetails()
#8 /Applications/MAMP/htdocs/satria/system/CodeIgniter.php(933): App\Controllers\Pegawai->ajax_list()
#9 /Applications/MAMP/htdocs/satria/system/CodeIgniter.php(507): CodeIgniter\CodeIgniter->runController(Object(App\Controllers\Pegawai))
#10 /Applications/MAMP/htdocs/satria/system/CodeIgniter.php(354): CodeIgniter\CodeIgniter->handleRequest(NULL, Object(Config\Cache), false)
#11 /Applications/MAMP/htdocs/satria/system/Boot.php(363): CodeIgniter\CodeIgniter->run()
#12 /Applications/MAMP/htdocs/satria/system/Boot.php(68): CodeIgniter\Boot::runCodeIgniter(Object(CodeIgniter\CodeIgniter))
#13 /Applications/MAMP/htdocs/satria/public/index.php(59): CodeIgniter\Boot::bootWeb(Object(Config\Paths))
#14 {main}
CRITICAL - 2025-08-24 06:02:00 --> CodeIgniter\Database\Exceptions\DatabaseException: Unknown column 'pegawai.jabatan_id' in 'on clause'
[Method: GET, Route: pegawai/ajax_list]
in SYSTEMPATH/Database/BaseConnection.php on line 684.
 1 SYSTEMPATH/Database/BaseBuilder.php(1649): CodeIgniter\Database\BaseConnection->query('SELECT `pegawai`.*, `departemen`.`nama_departemen`, `jabatan`.`nama_jabatan`
FROM `pegawai`
LEFT JOIN `departemen` ON `departemen`.`id` = `pegawai`.`departemen_id`
LEFT JOIN `jabatan` ON `jabatan`.`id` = `pegawai`.`jabatan_id`', [], false)
 2 SYSTEMPATH/Model.php(286): CodeIgniter\Database\BaseBuilder->get()
 3 SYSTEMPATH/BaseModel.php(677): CodeIgniter\Model->doFindAll(0, 0)
 4 APPPATH/Models/PegawaiModel.php(23): CodeIgniter\BaseModel->findAll()
 5 APPPATH/Controllers/Pegawai.php(37): App\Models\PegawaiModel->getPegawaiWithDetails()
 6 SYSTEMPATH/CodeIgniter.php(933): App\Controllers\Pegawai->ajax_list()
 7 SYSTEMPATH/CodeIgniter.php(507): CodeIgniter\CodeIgniter->runController(Object(App\Controllers\Pegawai))
 8 SYSTEMPATH/CodeIgniter.php(354): CodeIgniter\CodeIgniter->handleRequest(null, Object(Config\Cache), false)
 9 SYSTEMPATH/Boot.php(363): CodeIgniter\CodeIgniter->run()
10 SYSTEMPATH/Boot.php(68): CodeIgniter\Boot::runCodeIgniter(Object(CodeIgniter\CodeIgniter))
11 FCPATH/index.php(59): CodeIgniter\Boot::bootWeb(Object(Config\Paths))
CRITICAL - 2025-08-24 06:02:00 --> [Caused by] CodeIgniter\Database\Exceptions\DatabaseException: Unknown column 'pegawai.jabatan_id' in 'on clause'
in SYSTEMPATH/Database/MySQLi/Connection.php on line 332.
 1 SYSTEMPATH/Database/BaseConnection.php(729): CodeIgniter\Database\MySQLi\Connection->execute('SELECT `pegawai`.*, `departemen`.`nama_departemen`, `jabatan`.`nama_jabatan`
FROM `pegawai`
LEFT JOIN `departemen` ON `departemen`.`id` = `pegawai`.`departemen_id`
LEFT JOIN `jabatan` ON `jabatan`.`id` = `pegawai`.`jabatan_id`')
 2 SYSTEMPATH/Database/BaseConnection.php(646): CodeIgniter\Database\BaseConnection->simpleQuery('SELECT `pegawai`.*, `departemen`.`nama_departemen`, `jabatan`.`nama_jabatan`
FROM `pegawai`
LEFT JOIN `departemen` ON `departemen`.`id` = `pegawai`.`departemen_id`
LEFT JOIN `jabatan` ON `jabatan`.`id` = `pegawai`.`jabatan_id`')
 3 SYSTEMPATH/Database/BaseBuilder.php(1649): CodeIgniter\Database\BaseConnection->query('SELECT `pegawai`.*, `departemen`.`nama_departemen`, `jabatan`.`nama_jabatan`
FROM `pegawai`
LEFT JOIN `departemen` ON `departemen`.`id` = `pegawai`.`departemen_id`
LEFT JOIN `jabatan` ON `jabatan`.`id` = `pegawai`.`jabatan_id`', [], false)
 4 SYSTEMPATH/Model.php(286): CodeIgniter\Database\BaseBuilder->get()
 5 SYSTEMPATH/BaseModel.php(677): CodeIgniter\Model->doFindAll(0, 0)
 6 APPPATH/Models/PegawaiModel.php(23): CodeIgniter\BaseModel->findAll()
 7 APPPATH/Controllers/Pegawai.php(37): App\Models\PegawaiModel->getPegawaiWithDetails()
 8 SYSTEMPATH/CodeIgniter.php(933): App\Controllers\Pegawai->ajax_list()
 9 SYSTEMPATH/CodeIgniter.php(507): CodeIgniter\CodeIgniter->runController(Object(App\Controllers\Pegawai))
10 SYSTEMPATH/CodeIgniter.php(354): CodeIgniter\CodeIgniter->handleRequest(null, Object(Config\Cache), false)
11 SYSTEMPATH/Boot.php(363): CodeIgniter\CodeIgniter->run()
12 SYSTEMPATH/Boot.php(68): CodeIgniter\Boot::runCodeIgniter(Object(CodeIgniter\CodeIgniter))
13 FCPATH/index.php(59): CodeIgniter\Boot::bootWeb(Object(Config\Paths))
CRITICAL - 2025-08-24 06:02:00 --> [Caused by] mysqli_sql_exception: Unknown column 'pegawai.jabatan_id' in 'on clause'
in SYSTEMPATH/Database/MySQLi/Connection.php on line 327.
 1 SYSTEMPATH/Database/MySQLi/Connection.php(327): mysqli->query('SELECT `pegawai`.*, `departemen`.`nama_departemen`, `jabatan`.`nama_jabatan`
FROM `pegawai`
LEFT JOIN `departemen` ON `departemen`.`id` = `pegawai`.`departemen_id`
LEFT JOIN `jabatan` ON `jabatan`.`id` = `pegawai`.`jabatan_id`', 0)
 2 SYSTEMPATH/Database/BaseConnection.php(729): CodeIgniter\Database\MySQLi\Connection->execute('SELECT `pegawai`.*, `departemen`.`nama_departemen`, `jabatan`.`nama_jabatan`
FROM `pegawai`
LEFT JOIN `departemen` ON `departemen`.`id` = `pegawai`.`departemen_id`
LEFT JOIN `jabatan` ON `jabatan`.`id` = `pegawai`.`jabatan_id`')
 3 SYSTEMPATH/Database/BaseConnection.php(646): CodeIgniter\Database\BaseConnection->simpleQuery('SELECT `pegawai`.*, `departemen`.`nama_departemen`, `jabatan`.`nama_jabatan`
FROM `pegawai`
LEFT JOIN `departemen` ON `departemen`.`id` = `pegawai`.`departemen_id`
LEFT JOIN `jabatan` ON `jabatan`.`id` = `pegawai`.`jabatan_id`')
 4 SYSTEMPATH/Database/BaseBuilder.php(1649): CodeIgniter\Database\BaseConnection->query('SELECT `pegawai`.*, `departemen`.`nama_departemen`, `jabatan`.`nama_jabatan`
FROM `pegawai`
LEFT JOIN `departemen` ON `departemen`.`id` = `pegawai`.`departemen_id`
LEFT JOIN `jabatan` ON `jabatan`.`id` = `pegawai`.`jabatan_id`', [], false)
 5 SYSTEMPATH/Model.php(286): CodeIgniter\Database\BaseBuilder->get()
 6 SYSTEMPATH/BaseModel.php(677): CodeIgniter\Model->doFindAll(0, 0)
 7 APPPATH/Models/PegawaiModel.php(23): CodeIgniter\BaseModel->findAll()
 8 APPPATH/Controllers/Pegawai.php(37): App\Models\PegawaiModel->getPegawaiWithDetails()
 9 SYSTEMPATH/CodeIgniter.php(933): App\Controllers\Pegawai->ajax_list()
10 SYSTEMPATH/CodeIgniter.php(507): CodeIgniter\CodeIgniter->runController(Object(App\Controllers\Pegawai))
11 SYSTEMPATH/CodeIgniter.php(354): CodeIgniter\CodeIgniter->handleRequest(null, Object(Config\Cache), false)
12 SYSTEMPATH/Boot.php(363): CodeIgniter\CodeIgniter->run()
13 SYSTEMPATH/Boot.php(68): CodeIgniter\Boot::runCodeIgniter(Object(CodeIgniter\CodeIgniter))
14 FCPATH/index.php(59): CodeIgniter\Boot::bootWeb(Object(Config\Paths))
CRITICAL - 2025-08-24 06:12:54 --> Error: Class "App\Models\DivisiModel" not found
[Method: GET, Route: departemen]
in APPPATH/Controllers/Departemen.php on line 19.
 1 SYSTEMPATH/CodeIgniter.php(903): App\Controllers\Departemen->__construct()
 2 SYSTEMPATH/CodeIgniter.php(498): CodeIgniter\CodeIgniter->createController()
 3 SYSTEMPATH/CodeIgniter.php(354): CodeIgniter\CodeIgniter->handleRequest(null, Object(Config\Cache), false)
 4 SYSTEMPATH/Boot.php(363): CodeIgniter\CodeIgniter->run()
 5 SYSTEMPATH/Boot.php(68): CodeIgniter\Boot::runCodeIgniter(Object(CodeIgniter\CodeIgniter))
 6 FCPATH/index.php(59): CodeIgniter\Boot::bootWeb(Object(Config\Paths))
CRITICAL - 2025-08-24 06:12:55 --> Error: Class "App\Models\DivisiModel" not found
[Method: GET, Route: departemen]
in APPPATH/Controllers/Departemen.php on line 19.
 1 SYSTEMPATH/CodeIgniter.php(903): App\Controllers\Departemen->__construct()
 2 SYSTEMPATH/CodeIgniter.php(498): CodeIgniter\CodeIgniter->createController()
 3 SYSTEMPATH/CodeIgniter.php(354): CodeIgniter\CodeIgniter->handleRequest(null, Object(Config\Cache), false)
 4 SYSTEMPATH/Boot.php(363): CodeIgniter\CodeIgniter->run()
 5 SYSTEMPATH/Boot.php(68): CodeIgniter\Boot::runCodeIgniter(Object(CodeIgniter\CodeIgniter))
 6 FCPATH/index.php(59): CodeIgniter\Boot::bootWeb(Object(Config\Paths))
CRITICAL - 2025-08-24 06:12:56 --> Error: Class "App\Models\DivisiModel" not found
[Method: GET, Route: departemen]
in APPPATH/Controllers/Departemen.php on line 19.
 1 SYSTEMPATH/CodeIgniter.php(903): App\Controllers\Departemen->__construct()
 2 SYSTEMPATH/CodeIgniter.php(498): CodeIgniter\CodeIgniter->createController()
 3 SYSTEMPATH/CodeIgniter.php(354): CodeIgniter\CodeIgniter->handleRequest(null, Object(Config\Cache), false)
 4 SYSTEMPATH/Boot.php(363): CodeIgniter\CodeIgniter->run()
 5 SYSTEMPATH/Boot.php(68): CodeIgniter\Boot::runCodeIgniter(Object(CodeIgniter\CodeIgniter))
 6 FCPATH/index.php(59): CodeIgniter\Boot::bootWeb(Object(Config\Paths))
CRITICAL - 2025-08-24 06:13:06 --> Error: Class "App\Models\DivisiModel" not found
[Method: GET, Route: departemen]
in APPPATH/Controllers/Departemen.php on line 19.
 1 SYSTEMPATH/CodeIgniter.php(903): App\Controllers\Departemen->__construct()
 2 SYSTEMPATH/CodeIgniter.php(498): CodeIgniter\CodeIgniter->createController()
 3 SYSTEMPATH/CodeIgniter.php(354): CodeIgniter\CodeIgniter->handleRequest(null, Object(Config\Cache), false)
 4 SYSTEMPATH/Boot.php(363): CodeIgniter\CodeIgniter->run()
 5 SYSTEMPATH/Boot.php(68): CodeIgniter\Boot::runCodeIgniter(Object(CodeIgniter\CodeIgniter))
 6 FCPATH/index.php(59): CodeIgniter\Boot::bootWeb(Object(Config\Paths))
CRITICAL - 2025-08-24 06:13:43 --> Error: Class "App\Models\DivisiModel" not found
[Method: GET, Route: departemen]
in APPPATH/Controllers/Departemen.php on line 19.
 1 SYSTEMPATH/CodeIgniter.php(903): App\Controllers\Departemen->__construct()
 2 SYSTEMPATH/CodeIgniter.php(498): CodeIgniter\CodeIgniter->createController()
 3 SYSTEMPATH/CodeIgniter.php(354): CodeIgniter\CodeIgniter->handleRequest(null, Object(Config\Cache), false)
 4 SYSTEMPATH/Boot.php(363): CodeIgniter\CodeIgniter->run()
 5 SYSTEMPATH/Boot.php(68): CodeIgniter\Boot::runCodeIgniter(Object(CodeIgniter\CodeIgniter))
 6 FCPATH/index.php(59): CodeIgniter\Boot::bootWeb(Object(Config\Paths))
CRITICAL - 2025-08-24 06:16:33 --> Error: Class "App\Models\DivisiModel" not found
[Method: GET, Route: departemen]
in APPPATH/Controllers/Departemen.php on line 19.
 1 SYSTEMPATH/CodeIgniter.php(903): App\Controllers\Departemen->__construct()
 2 SYSTEMPATH/CodeIgniter.php(498): CodeIgniter\CodeIgniter->createController()
 3 SYSTEMPATH/CodeIgniter.php(354): CodeIgniter\CodeIgniter->handleRequest(null, Object(Config\Cache), false)
 4 SYSTEMPATH/Boot.php(363): CodeIgniter\CodeIgniter->run()
 5 SYSTEMPATH/Boot.php(68): CodeIgniter\Boot::runCodeIgniter(Object(CodeIgniter\CodeIgniter))
 6 FCPATH/index.php(59): CodeIgniter\Boot::bootWeb(Object(Config\Paths))
ERROR - 2025-08-24 06:53:52 --> mysqli_sql_exception: Unknown column 'pegawai.jabatan_id' in 'on clause' in /Applications/MAMP/htdocs/satria/system/Database/MySQLi/Connection.php:327
Stack trace:
#0 /Applications/MAMP/htdocs/satria/system/Database/MySQLi/Connection.php(327): mysqli->query('SELECT `pegawai...', 0)
#1 /Applications/MAMP/htdocs/satria/system/Database/BaseConnection.php(729): CodeIgniter\Database\MySQLi\Connection->execute('SELECT `pegawai...')
#2 /Applications/MAMP/htdocs/satria/system/Database/BaseConnection.php(646): CodeIgniter\Database\BaseConnection->simpleQuery('SELECT `pegawai...')
#3 /Applications/MAMP/htdocs/satria/system/Database/BaseBuilder.php(1649): CodeIgniter\Database\BaseConnection->query('SELECT `pegawai...', Array, false)
#4 /Applications/MAMP/htdocs/satria/system/Model.php(286): CodeIgniter\Database\BaseBuilder->get()
#5 /Applications/MAMP/htdocs/satria/system/BaseModel.php(677): CodeIgniter\Model->doFindAll(0, 0)
#6 /Applications/MAMP/htdocs/satria/app/Models/PegawaiModel.php(23): CodeIgniter\BaseModel->findAll()
#7 /Applications/MAMP/htdocs/satria/app/Controllers/Pegawai.php(37): App\Models\PegawaiModel->getPegawaiWithDetails()
#8 /Applications/MAMP/htdocs/satria/system/CodeIgniter.php(933): App\Controllers\Pegawai->ajax_list()
#9 /Applications/MAMP/htdocs/satria/system/CodeIgniter.php(507): CodeIgniter\CodeIgniter->runController(Object(App\Controllers\Pegawai))
#10 /Applications/MAMP/htdocs/satria/system/CodeIgniter.php(354): CodeIgniter\CodeIgniter->handleRequest(NULL, Object(Config\Cache), false)
#11 /Applications/MAMP/htdocs/satria/system/Boot.php(363): CodeIgniter\CodeIgniter->run()
#12 /Applications/MAMP/htdocs/satria/system/Boot.php(68): CodeIgniter\Boot::runCodeIgniter(Object(CodeIgniter\CodeIgniter))
#13 /Applications/MAMP/htdocs/satria/public/index.php(59): CodeIgniter\Boot::bootWeb(Object(Config\Paths))
#14 {main}
CRITICAL - 2025-08-24 06:53:52 --> CodeIgniter\Database\Exceptions\DatabaseException: Unknown column 'pegawai.jabatan_id' in 'on clause'
[Method: GET, Route: pegawai/ajax_list]
in SYSTEMPATH/Database/BaseConnection.php on line 684.
 1 SYSTEMPATH/Database/BaseBuilder.php(1649): CodeIgniter\Database\BaseConnection->query('SELECT `pegawai`.*, `departemen`.`nama_departemen`, `jabatan`.`nama_jabatan`
FROM `pegawai`
LEFT JOIN `departemen` ON `departemen`.`id` = `pegawai`.`departemen_id`
LEFT JOIN `jabatan` ON `jabatan`.`id` = `pegawai`.`jabatan_id`', [], false)
 2 SYSTEMPATH/Model.php(286): CodeIgniter\Database\BaseBuilder->get()
 3 SYSTEMPATH/BaseModel.php(677): CodeIgniter\Model->doFindAll(0, 0)
 4 APPPATH/Models/PegawaiModel.php(23): CodeIgniter\BaseModel->findAll()
 5 APPPATH/Controllers/Pegawai.php(37): App\Models\PegawaiModel->getPegawaiWithDetails()
 6 SYSTEMPATH/CodeIgniter.php(933): App\Controllers\Pegawai->ajax_list()
 7 SYSTEMPATH/CodeIgniter.php(507): CodeIgniter\CodeIgniter->runController(Object(App\Controllers\Pegawai))
 8 SYSTEMPATH/CodeIgniter.php(354): CodeIgniter\CodeIgniter->handleRequest(null, Object(Config\Cache), false)
 9 SYSTEMPATH/Boot.php(363): CodeIgniter\CodeIgniter->run()
10 SYSTEMPATH/Boot.php(68): CodeIgniter\Boot::runCodeIgniter(Object(CodeIgniter\CodeIgniter))
11 FCPATH/index.php(59): CodeIgniter\Boot::bootWeb(Object(Config\Paths))
CRITICAL - 2025-08-24 06:53:52 --> [Caused by] CodeIgniter\Database\Exceptions\DatabaseException: Unknown column 'pegawai.jabatan_id' in 'on clause'
in SYSTEMPATH/Database/MySQLi/Connection.php on line 332.
 1 SYSTEMPATH/Database/BaseConnection.php(729): CodeIgniter\Database\MySQLi\Connection->execute('SELECT `pegawai`.*, `departemen`.`nama_departemen`, `jabatan`.`nama_jabatan`
FROM `pegawai`
LEFT JOIN `departemen` ON `departemen`.`id` = `pegawai`.`departemen_id`
LEFT JOIN `jabatan` ON `jabatan`.`id` = `pegawai`.`jabatan_id`')
 2 SYSTEMPATH/Database/BaseConnection.php(646): CodeIgniter\Database\BaseConnection->simpleQuery('SELECT `pegawai`.*, `departemen`.`nama_departemen`, `jabatan`.`nama_jabatan`
FROM `pegawai`
LEFT JOIN `departemen` ON `departemen`.`id` = `pegawai`.`departemen_id`
LEFT JOIN `jabatan` ON `jabatan`.`id` = `pegawai`.`jabatan_id`')
 3 SYSTEMPATH/Database/BaseBuilder.php(1649): CodeIgniter\Database\BaseConnection->query('SELECT `pegawai`.*, `departemen`.`nama_departemen`, `jabatan`.`nama_jabatan`
FROM `pegawai`
LEFT JOIN `departemen` ON `departemen`.`id` = `pegawai`.`departemen_id`
LEFT JOIN `jabatan` ON `jabatan`.`id` = `pegawai`.`jabatan_id`', [], false)
 4 SYSTEMPATH/Model.php(286): CodeIgniter\Database\BaseBuilder->get()
 5 SYSTEMPATH/BaseModel.php(677): CodeIgniter\Model->doFindAll(0, 0)
 6 APPPATH/Models/PegawaiModel.php(23): CodeIgniter\BaseModel->findAll()
 7 APPPATH/Controllers/Pegawai.php(37): App\Models\PegawaiModel->getPegawaiWithDetails()
 8 SYSTEMPATH/CodeIgniter.php(933): App\Controllers\Pegawai->ajax_list()
 9 SYSTEMPATH/CodeIgniter.php(507): CodeIgniter\CodeIgniter->runController(Object(App\Controllers\Pegawai))
10 SYSTEMPATH/CodeIgniter.php(354): CodeIgniter\CodeIgniter->handleRequest(null, Object(Config\Cache), false)
11 SYSTEMPATH/Boot.php(363): CodeIgniter\CodeIgniter->run()
12 SYSTEMPATH/Boot.php(68): CodeIgniter\Boot::runCodeIgniter(Object(CodeIgniter\CodeIgniter))
13 FCPATH/index.php(59): CodeIgniter\Boot::bootWeb(Object(Config\Paths))
CRITICAL - 2025-08-24 06:53:52 --> [Caused by] mysqli_sql_exception: Unknown column 'pegawai.jabatan_id' in 'on clause'
in SYSTEMPATH/Database/MySQLi/Connection.php on line 327.
 1 SYSTEMPATH/Database/MySQLi/Connection.php(327): mysqli->query('SELECT `pegawai`.*, `departemen`.`nama_departemen`, `jabatan`.`nama_jabatan`
FROM `pegawai`
LEFT JOIN `departemen` ON `departemen`.`id` = `pegawai`.`departemen_id`
LEFT JOIN `jabatan` ON `jabatan`.`id` = `pegawai`.`jabatan_id`', 0)
 2 SYSTEMPATH/Database/BaseConnection.php(729): CodeIgniter\Database\MySQLi\Connection->execute('SELECT `pegawai`.*, `departemen`.`nama_departemen`, `jabatan`.`nama_jabatan`
FROM `pegawai`
LEFT JOIN `departemen` ON `departemen`.`id` = `pegawai`.`departemen_id`
LEFT JOIN `jabatan` ON `jabatan`.`id` = `pegawai`.`jabatan_id`')
 3 SYSTEMPATH/Database/BaseConnection.php(646): CodeIgniter\Database\BaseConnection->simpleQuery('SELECT `pegawai`.*, `departemen`.`nama_departemen`, `jabatan`.`nama_jabatan`
FROM `pegawai`
LEFT JOIN `departemen` ON `departemen`.`id` = `pegawai`.`departemen_id`
LEFT JOIN `jabatan` ON `jabatan`.`id` = `pegawai`.`jabatan_id`')
 4 SYSTEMPATH/Database/BaseBuilder.php(1649): CodeIgniter\Database\BaseConnection->query('SELECT `pegawai`.*, `departemen`.`nama_departemen`, `jabatan`.`nama_jabatan`
FROM `pegawai`
LEFT JOIN `departemen` ON `departemen`.`id` = `pegawai`.`departemen_id`
LEFT JOIN `jabatan` ON `jabatan`.`id` = `pegawai`.`jabatan_id`', [], false)
 5 SYSTEMPATH/Model.php(286): CodeIgniter\Database\BaseBuilder->get()
 6 SYSTEMPATH/BaseModel.php(677): CodeIgniter\Model->doFindAll(0, 0)
 7 APPPATH/Models/PegawaiModel.php(23): CodeIgniter\BaseModel->findAll()
 8 APPPATH/Controllers/Pegawai.php(37): App\Models\PegawaiModel->getPegawaiWithDetails()
 9 SYSTEMPATH/CodeIgniter.php(933): App\Controllers\Pegawai->ajax_list()
10 SYSTEMPATH/CodeIgniter.php(507): CodeIgniter\CodeIgniter->runController(Object(App\Controllers\Pegawai))
11 SYSTEMPATH/CodeIgniter.php(354): CodeIgniter\CodeIgniter->handleRequest(null, Object(Config\Cache), false)
12 SYSTEMPATH/Boot.php(363): CodeIgniter\CodeIgniter->run()
13 SYSTEMPATH/Boot.php(68): CodeIgniter\Boot::runCodeIgniter(Object(CodeIgniter\CodeIgniter))
14 FCPATH/index.php(59): CodeIgniter\Boot::bootWeb(Object(Config\Paths))
ERROR - 2025-08-24 06:53:52 --> mysqli_sql_exception: Unknown column 'pegawai.jabatan_id' in 'on clause' in /Applications/MAMP/htdocs/satria/system/Database/MySQLi/Connection.php:327
Stack trace:
#0 /Applications/MAMP/htdocs/satria/system/Database/MySQLi/Connection.php(327): mysqli->query('SELECT `pegawai...', 0)
#1 /Applications/MAMP/htdocs/satria/system/Database/BaseConnection.php(729): CodeIgniter\Database\MySQLi\Connection->execute('SELECT `pegawai...')
#2 /Applications/MAMP/htdocs/satria/system/Database/BaseConnection.php(646): CodeIgniter\Database\BaseConnection->simpleQuery('SELECT `pegawai...')
#3 /Applications/MAMP/htdocs/satria/system/Database/BaseBuilder.php(1649): CodeIgniter\Database\BaseConnection->query('SELECT `pegawai...', Array, false)
#4 /Applications/MAMP/htdocs/satria/system/Model.php(286): CodeIgniter\Database\BaseBuilder->get()
#5 /Applications/MAMP/htdocs/satria/system/BaseModel.php(677): CodeIgniter\Model->doFindAll(0, 0)
#6 /Applications/MAMP/htdocs/satria/app/Models/PegawaiModel.php(23): CodeIgniter\BaseModel->findAll()
#7 /Applications/MAMP/htdocs/satria/app/Controllers/Pegawai.php(37): App\Models\PegawaiModel->getPegawaiWithDetails()
#8 /Applications/MAMP/htdocs/satria/system/CodeIgniter.php(933): App\Controllers\Pegawai->ajax_list()
#9 /Applications/MAMP/htdocs/satria/system/CodeIgniter.php(507): CodeIgniter\CodeIgniter->runController(Object(App\Controllers\Pegawai))
#10 /Applications/MAMP/htdocs/satria/system/CodeIgniter.php(354): CodeIgniter\CodeIgniter->handleRequest(NULL, Object(Config\Cache), false)
#11 /Applications/MAMP/htdocs/satria/system/Boot.php(363): CodeIgniter\CodeIgniter->run()
#12 /Applications/MAMP/htdocs/satria/system/Boot.php(68): CodeIgniter\Boot::runCodeIgniter(Object(CodeIgniter\CodeIgniter))
#13 /Applications/MAMP/htdocs/satria/public/index.php(59): CodeIgniter\Boot::bootWeb(Object(Config\Paths))
#14 {main}
CRITICAL - 2025-08-24 06:53:52 --> CodeIgniter\Database\Exceptions\DatabaseException: Unknown column 'pegawai.jabatan_id' in 'on clause'
[Method: GET, Route: pegawai/ajax_list]
in SYSTEMPATH/Database/BaseConnection.php on line 684.
 1 SYSTEMPATH/Database/BaseBuilder.php(1649): CodeIgniter\Database\BaseConnection->query('SELECT `pegawai`.*, `departemen`.`nama_departemen`, `jabatan`.`nama_jabatan`
FROM `pegawai`
LEFT JOIN `departemen` ON `departemen`.`id` = `pegawai`.`departemen_id`
LEFT JOIN `jabatan` ON `jabatan`.`id` = `pegawai`.`jabatan_id`', [], false)
 2 SYSTEMPATH/Model.php(286): CodeIgniter\Database\BaseBuilder->get()
 3 SYSTEMPATH/BaseModel.php(677): CodeIgniter\Model->doFindAll(0, 0)
 4 APPPATH/Models/PegawaiModel.php(23): CodeIgniter\BaseModel->findAll()
 5 APPPATH/Controllers/Pegawai.php(37): App\Models\PegawaiModel->getPegawaiWithDetails()
 6 SYSTEMPATH/CodeIgniter.php(933): App\Controllers\Pegawai->ajax_list()
 7 SYSTEMPATH/CodeIgniter.php(507): CodeIgniter\CodeIgniter->runController(Object(App\Controllers\Pegawai))
 8 SYSTEMPATH/CodeIgniter.php(354): CodeIgniter\CodeIgniter->handleRequest(null, Object(Config\Cache), false)
 9 SYSTEMPATH/Boot.php(363): CodeIgniter\CodeIgniter->run()
10 SYSTEMPATH/Boot.php(68): CodeIgniter\Boot::runCodeIgniter(Object(CodeIgniter\CodeIgniter))
11 FCPATH/index.php(59): CodeIgniter\Boot::bootWeb(Object(Config\Paths))
CRITICAL - 2025-08-24 06:53:52 --> [Caused by] CodeIgniter\Database\Exceptions\DatabaseException: Unknown column 'pegawai.jabatan_id' in 'on clause'
in SYSTEMPATH/Database/MySQLi/Connection.php on line 332.
 1 SYSTEMPATH/Database/BaseConnection.php(729): CodeIgniter\Database\MySQLi\Connection->execute('SELECT `pegawai`.*, `departemen`.`nama_departemen`, `jabatan`.`nama_jabatan`
FROM `pegawai`
LEFT JOIN `departemen` ON `departemen`.`id` = `pegawai`.`departemen_id`
LEFT JOIN `jabatan` ON `jabatan`.`id` = `pegawai`.`jabatan_id`')
 2 SYSTEMPATH/Database/BaseConnection.php(646): CodeIgniter\Database\BaseConnection->simpleQuery('SELECT `pegawai`.*, `departemen`.`nama_departemen`, `jabatan`.`nama_jabatan`
FROM `pegawai`
LEFT JOIN `departemen` ON `departemen`.`id` = `pegawai`.`departemen_id`
LEFT JOIN `jabatan` ON `jabatan`.`id` = `pegawai`.`jabatan_id`')
 3 SYSTEMPATH/Database/BaseBuilder.php(1649): CodeIgniter\Database\BaseConnection->query('SELECT `pegawai`.*, `departemen`.`nama_departemen`, `jabatan`.`nama_jabatan`
FROM `pegawai`
LEFT JOIN `departemen` ON `departemen`.`id` = `pegawai`.`departemen_id`
LEFT JOIN `jabatan` ON `jabatan`.`id` = `pegawai`.`jabatan_id`', [], false)
 4 SYSTEMPATH/Model.php(286): CodeIgniter\Database\BaseBuilder->get()
 5 SYSTEMPATH/BaseModel.php(677): CodeIgniter\Model->doFindAll(0, 0)
 6 APPPATH/Models/PegawaiModel.php(23): CodeIgniter\BaseModel->findAll()
 7 APPPATH/Controllers/Pegawai.php(37): App\Models\PegawaiModel->getPegawaiWithDetails()
 8 SYSTEMPATH/CodeIgniter.php(933): App\Controllers\Pegawai->ajax_list()
 9 SYSTEMPATH/CodeIgniter.php(507): CodeIgniter\CodeIgniter->runController(Object(App\Controllers\Pegawai))
10 SYSTEMPATH/CodeIgniter.php(354): CodeIgniter\CodeIgniter->handleRequest(null, Object(Config\Cache), false)
11 SYSTEMPATH/Boot.php(363): CodeIgniter\CodeIgniter->run()
12 SYSTEMPATH/Boot.php(68): CodeIgniter\Boot::runCodeIgniter(Object(CodeIgniter\CodeIgniter))
13 FCPATH/index.php(59): CodeIgniter\Boot::bootWeb(Object(Config\Paths))
CRITICAL - 2025-08-24 06:53:52 --> [Caused by] mysqli_sql_exception: Unknown column 'pegawai.jabatan_id' in 'on clause'
in SYSTEMPATH/Database/MySQLi/Connection.php on line 327.
 1 SYSTEMPATH/Database/MySQLi/Connection.php(327): mysqli->query('SELECT `pegawai`.*, `departemen`.`nama_departemen`, `jabatan`.`nama_jabatan`
FROM `pegawai`
LEFT JOIN `departemen` ON `departemen`.`id` = `pegawai`.`departemen_id`
LEFT JOIN `jabatan` ON `jabatan`.`id` = `pegawai`.`jabatan_id`', 0)
 2 SYSTEMPATH/Database/BaseConnection.php(729): CodeIgniter\Database\MySQLi\Connection->execute('SELECT `pegawai`.*, `departemen`.`nama_departemen`, `jabatan`.`nama_jabatan`
FROM `pegawai`
LEFT JOIN `departemen` ON `departemen`.`id` = `pegawai`.`departemen_id`
LEFT JOIN `jabatan` ON `jabatan`.`id` = `pegawai`.`jabatan_id`')
 3 SYSTEMPATH/Database/BaseConnection.php(646): CodeIgniter\Database\BaseConnection->simpleQuery('SELECT `pegawai`.*, `departemen`.`nama_departemen`, `jabatan`.`nama_jabatan`
FROM `pegawai`
LEFT JOIN `departemen` ON `departemen`.`id` = `pegawai`.`departemen_id`
LEFT JOIN `jabatan` ON `jabatan`.`id` = `pegawai`.`jabatan_id`')
 4 SYSTEMPATH/Database/BaseBuilder.php(1649): CodeIgniter\Database\BaseConnection->query('SELECT `pegawai`.*, `departemen`.`nama_departemen`, `jabatan`.`nama_jabatan`
FROM `pegawai`
LEFT JOIN `departemen` ON `departemen`.`id` = `pegawai`.`departemen_id`
LEFT JOIN `jabatan` ON `jabatan`.`id` = `pegawai`.`jabatan_id`', [], false)
 5 SYSTEMPATH/Model.php(286): CodeIgniter\Database\BaseBuilder->get()
 6 SYSTEMPATH/BaseModel.php(677): CodeIgniter\Model->doFindAll(0, 0)
 7 APPPATH/Models/PegawaiModel.php(23): CodeIgniter\BaseModel->findAll()
 8 APPPATH/Controllers/Pegawai.php(37): App\Models\PegawaiModel->getPegawaiWithDetails()
 9 SYSTEMPATH/CodeIgniter.php(933): App\Controllers\Pegawai->ajax_list()
10 SYSTEMPATH/CodeIgniter.php(507): CodeIgniter\CodeIgniter->runController(Object(App\Controllers\Pegawai))
11 SYSTEMPATH/CodeIgniter.php(354): CodeIgniter\CodeIgniter->handleRequest(null, Object(Config\Cache), false)
12 SYSTEMPATH/Boot.php(363): CodeIgniter\CodeIgniter->run()
13 SYSTEMPATH/Boot.php(68): CodeIgniter\Boot::runCodeIgniter(Object(CodeIgniter\CodeIgniter))
14 FCPATH/index.php(59): CodeIgniter\Boot::bootWeb(Object(Config\Paths))
