CRITICAL - 2025-08-12 16:39:44 --> Error: Class "Config\Database" not found
[Method: GET, Route: test-db]
in SYSTEMPATH/Debug/Toolbar/Collectors/Database.php on line 258.
 1 SYSTEMPATH/Debug/Toolbar/Collectors/Database.php(75): CodeIgniter\Debug\Toolbar\Collectors\Database->getConnections()
 2 SYSTEMPATH/Debug/Toolbar.php(67): CodeIgniter\Debug\Toolbar\Collectors\Database->__construct()
 3 SYSTEMPATH/Config/Services.php(801): CodeIgniter\Debug\Toolbar->__construct(Object(Config\Toolbar))
 4 SYSTEMPATH/Config/BaseService.php(312): CodeIgniter\Config\Services::toolbar(Object(Config\Toolbar), false)
 5 SYSTEMPATH/Config/BaseService.php(251): CodeIgniter\Config\BaseService::__callStatic('toolbar', [...])
 6 SYSTEMPATH/Config/Services.php(796): CodeIgniter\Config\BaseService::getSharedInstance('toolbar', null)
 7 SYSTEMPATH/Config/BaseService.php(321): CodeIgniter\Config\Services::toolbar()
 8 SYSTEMPATH/Config/BaseService.php(202): CodeIgniter\Config\BaseService::__callStatic('toolbar', [])
 9 SYSTEMPATH/Common.php(1027): CodeIgniter\Config\BaseService::get('toolbar')
10 SYSTEMPATH/Filters/DebugToolbar.php(44): service('toolbar')
11 SYSTEMPATH/Filters/Filters.php(278): CodeIgniter\Filters\DebugToolbar->after(Object(CodeIgniter\HTTP\IncomingRequest), Object(CodeIgniter\HTTP\Response), null)
12 SYSTEMPATH/Filters/Filters.php(364): CodeIgniter\Filters\Filters->runAfter([...])
13 SYSTEMPATH/CodeIgniter.php(407): CodeIgniter\Filters\Filters->runRequired('after')
14 SYSTEMPATH/CodeIgniter.php(368): CodeIgniter\CodeIgniter->runRequiredAfterFilters(Object(CodeIgniter\Filters\Filters))
15 SYSTEMPATH/Boot.php(363): CodeIgniter\CodeIgniter->run()
16 SYSTEMPATH/Boot.php(68): CodeIgniter\Boot::runCodeIgniter(Object(CodeIgniter\CodeIgniter))
17 FCPATH/index.php(59): CodeIgniter\Boot::bootWeb(Object(Config\Paths))
CRITICAL - 2025-08-12 16:39:51 --> Error: Class "Config\Database" not found
[Method: GET, Route: test-db]
in SYSTEMPATH/Debug/Toolbar/Collectors/Database.php on line 258.
 1 SYSTEMPATH/Debug/Toolbar/Collectors/Database.php(75): CodeIgniter\Debug\Toolbar\Collectors\Database->getConnections()
 2 SYSTEMPATH/Debug/Toolbar.php(67): CodeIgniter\Debug\Toolbar\Collectors\Database->__construct()
 3 SYSTEMPATH/Config/Services.php(801): CodeIgniter\Debug\Toolbar->__construct(Object(Config\Toolbar))
 4 SYSTEMPATH/Config/BaseService.php(312): CodeIgniter\Config\Services::toolbar(Object(Config\Toolbar), false)
 5 SYSTEMPATH/Config/BaseService.php(251): CodeIgniter\Config\BaseService::__callStatic('toolbar', [...])
 6 SYSTEMPATH/Config/Services.php(796): CodeIgniter\Config\BaseService::getSharedInstance('toolbar', null)
 7 SYSTEMPATH/Config/BaseService.php(321): CodeIgniter\Config\Services::toolbar()
 8 SYSTEMPATH/Config/BaseService.php(202): CodeIgniter\Config\BaseService::__callStatic('toolbar', [])
 9 SYSTEMPATH/Common.php(1027): CodeIgniter\Config\BaseService::get('toolbar')
10 SYSTEMPATH/Filters/DebugToolbar.php(44): service('toolbar')
11 SYSTEMPATH/Filters/Filters.php(278): CodeIgniter\Filters\DebugToolbar->after(Object(CodeIgniter\HTTP\IncomingRequest), Object(CodeIgniter\HTTP\Response), null)
12 SYSTEMPATH/Filters/Filters.php(364): CodeIgniter\Filters\Filters->runAfter([...])
13 SYSTEMPATH/CodeIgniter.php(407): CodeIgniter\Filters\Filters->runRequired('after')
14 SYSTEMPATH/CodeIgniter.php(368): CodeIgniter\CodeIgniter->runRequiredAfterFilters(Object(CodeIgniter\Filters\Filters))
15 SYSTEMPATH/Boot.php(363): CodeIgniter\CodeIgniter->run()
16 SYSTEMPATH/Boot.php(68): CodeIgniter\Boot::runCodeIgniter(Object(CodeIgniter\CodeIgniter))
17 FCPATH/index.php(59): CodeIgniter\Boot::bootWeb(Object(Config\Paths))
